info: ::1 - - [08/Feb/2024:19:32:52 +0000] "GET /api/v1/google/auth HTTP/1.1" 500 77 "http://localhost:5173/" "Mozilla/5.0 (Windows NT 10.0; Win64; x64) AppleWebKit/537.36 (KHTML, like Gecko) Chrome/121.0.0.0 Safari/537.36"

info: ::1 - - [08/Feb/2024:19:32:52 +0000] "GET /favicon.ico HTTP/1.1" 404 47 "-" "Mozilla/5.0 (Windows NT 10.0; Win64; x64) AppleWebKit/537.36 (KHTML, like Gecko) Chrome/121.0.0.0 Safari/537.36"

info: ::1 - - [08/Feb/2024:19:38:42 +0000] "GET /api/v1/google/auth HTTP/1.1" 500 77 "http://localhost:5173/" "Mozilla/5.0 (Windows NT 10.0; Win64; x64) AppleWebKit/537.36 (KHTML, like Gecko) Chrome/121.0.0.0 Safari/537.36"

info: ::1 - - [08/Feb/2024:19:44:50 +0000] "GET /api/v1/google/auth HTTP/1.1" 500 77 "http://localhost:5173/" "Mozilla/5.0 (Windows NT 10.0; Win64; x64) AppleWebKit/537.36 (KHTML, like Gecko) Chrome/121.0.0.0 Safari/537.36"

info: ::1 - - [08/Feb/2024:19:44:54 +0000] "GET /api/v1/google/auth HTTP/1.1" 500 77 "http://localhost:5173/" "Mozilla/5.0 (Windows NT 10.0; Win64; x64) AppleWebKit/537.36 (KHTML, like Gecko) Chrome/121.0.0.0 Safari/537.36"

info: ::1 - - [08/Feb/2024:19:46:08 +0000] "GET /api/v1/google/auth HTTP/1.1" 500 77 "http://localhost:5173/" "Mozilla/5.0 (Windows NT 10.0; Win64; x64) AppleWebKit/537.36 (KHTML, like Gecko) Chrome/121.0.0.0 Safari/537.36"

info: ::1 - - [08/Feb/2024:19:46:11 +0000] "GET /api/v1/google/auth HTTP/1.1" 500 77 "http://localhost:5173/" "Mozilla/5.0 (Windows NT 10.0; Win64; x64) AppleWebKit/537.36 (KHTML, like Gecko) Chrome/121.0.0.0 Safari/537.36"

info: ::1 - - [09/Feb/2024:13:00:37 +0000] "GET /api/v1/google/auth HTTP/1.1" 302 0 "http://localhost:5173/" "Mozilla/5.0 (Windows NT 10.0; Win64; x64) AppleWebKit/537.36 (KHTML, like Gecko) Chrome/121.0.0.0 Safari/537.36"

info: ::1 - - [09/Feb/2024:13:03:55 +0000] "GET /api/v1/google/auth HTTP/1.1" 302 0 "http://localhost:5173/" "Mozilla/5.0 (Windows NT 10.0; Win64; x64) AppleWebKit/537.36 (KHTML, like Gecko) Chrome/121.0.0.0 Safari/537.36"

info: ::1 - - [09/Feb/2024:13:04:06 +0000] "GET /api/v1/google/auth HTTP/1.1" 302 0 "http://localhost:5173/" "Mozilla/5.0 (Windows NT 10.0; Win64; x64) AppleWebKit/537.36 (KHTML, like Gecko) Chrome/121.0.0.0 Safari/537.36"

info: ::1 - - [09/Feb/2024:13:05:00 +0000] "GET /api/v1/google/auth HTTP/1.1" 302 0 "http://localhost:5173/" "Mozilla/5.0 (Windows NT 10.0; Win64; x64) AppleWebKit/537.36 (KHTML, like Gecko) Chrome/121.0.0.0 Safari/537.36"

info: ::1 - - [09/Feb/2024:13:11:22 +0000] "GET /api/v1/google/auth HTTP/1.1" 302 0 "http://localhost:5173/" "Mozilla/5.0 (Windows NT 10.0; Win64; x64) AppleWebKit/537.36 (KHTML, like Gecko) Chrome/121.0.0.0 Safari/537.36"

info: ::1 - - [09/Feb/2024:13:12:02 +0000] "GET /api/v1/google/auth HTTP/1.1" 302 0 "http://localhost:5173/" "Mozilla/5.0 (Windows NT 10.0; Win64; x64) AppleWebKit/537.36 (KHTML, like Gecko) Chrome/121.0.0.0 Safari/537.36"

info: ::1 - - [09/Feb/2024:13:14:06 +0000] "GET /api/v1/google/auth HTTP/1.1" 302 0 "http://localhost:5173/" "Mozilla/5.0 (Linux; Android 6.0; Nexus 5 Build/MRA58N) AppleWebKit/537.36 (KHTML, like Gecko) Chrome/121.0.0.0 Mobile Safari/537.36"

info: ::1 - - [09/Feb/2024:13:14:19 +0000] "GET /api/v1/google/auth HTTP/1.1" 302 0 "http://localhost:5173/" "Mozilla/5.0 (Linux; Android 6.0; Nexus 5 Build/MRA58N) AppleWebKit/537.36 (KHTML, like Gecko) Chrome/121.0.0.0 Mobile Safari/537.36"

info: ::1 - - [09/Feb/2024:13:17:42 +0000] "GET /api/v1/google/auth HTTP/1.1" 302 0 "http://localhost:5173/" "Mozilla/5.0 (Windows NT 10.0; Win64; x64) AppleWebKit/537.36 (KHTML, like Gecko) Chrome/121.0.0.0 Safari/537.36"

info: ::1 - - [09/Feb/2024:13:18:40 +0000] "GET /api/v1/google/auth HTTP/1.1" 302 0 "http://localhost:5173/" "Mozilla/5.0 (Windows NT 10.0; Win64; x64) AppleWebKit/537.36 (KHTML, like Gecko) Chrome/121.0.0.0 Safari/537.36"

info: ::1 - - [09/Feb/2024:13:21:10 +0000] "GET /api/v1/google/auth HTTP/1.1" 302 0 "http://localhost:5173/" "Mozilla/5.0 (Windows NT 10.0; Win64; x64) AppleWebKit/537.36 (KHTML, like Gecko) Chrome/121.0.0.0 Safari/537.36"

info: ::1 - - [09/Feb/2024:13:22:37 +0000] "GET /api/v1/google/auth HTTP/1.1" 302 0 "http://localhost:5173/" "Mozilla/5.0 (Windows NT 10.0; Win64; x64) AppleWebKit/537.36 (KHTML, like Gecko) Chrome/121.0.0.0 Safari/537.36"

info: ::1 - - [09/Feb/2024:13:24:58 +0000] "GET /api/v1/google/auth HTTP/1.1" 302 0 "http://localhost:5173/" "Mozilla/5.0 (Windows NT 10.0; Win64; x64) AppleWebKit/537.36 (KHTML, like Gecko) Chrome/121.0.0.0 Safari/537.36"

info: ::1 - - [09/Feb/2024:13:28:23 +0000] "GET /api/v1/google/auth HTTP/1.1" 302 0 "http://localhost:5173/" "Mozilla/5.0 (Windows NT 10.0; Win64; x64) AppleWebKit/537.36 (KHTML, like Gecko) Chrome/121.0.0.0 Safari/537.36"

info: ::1 - - [09/Feb/2024:13:28:42 +0000] "GET /api/v1/google/auth HTTP/1.1" 302 0 "http://localhost:5173/" "Mozilla/5.0 (Windows NT 10.0; Win64; x64) AppleWebKit/537.36 (KHTML, like Gecko) Chrome/121.0.0.0 Safari/537.36"

info: ::1 - - [09/Feb/2024:13:29:50 +0000] "GET /api/v1/google/auth HTTP/1.1" 302 0 "http://localhost:5173/" "Mozilla/5.0 (Windows NT 10.0; Win64; x64) AppleWebKit/537.36 (KHTML, like Gecko) Chrome/121.0.0.0 Safari/537.36"

info: ::1 - - [09/Feb/2024:13:32:06 +0000] "GET /api/v1/google/auth HTTP/1.1" 302 0 "http://localhost:5173/" "Mozilla/5.0 (Windows NT 10.0; Win64; x64) AppleWebKit/537.36 (KHTML, like Gecko) Chrome/121.0.0.0 Safari/537.36"

info: ::1 - - [09/Feb/2024:13:32:38 +0000] "GET /google/callback?code=4%2F0AfJohXnqmE2xgVgUdlH4skBWN7uqpWlu65tPpR3137VbxSsgV3AGLyXUdvBLr4qX9l7xlw&scope=profile+https%3A%2F%2Fwww.googleapis.com%2Fauth%2Fuserinfo.profile HTTP/1.1" 404 47 "https://accounts.google.com/" "Mozilla/5.0 (Windows NT 10.0; Win64; x64) AppleWebKit/537.36 (KHTML, like Gecko) Chrome/121.0.0.0 Safari/537.36"

info: ::1 - - [09/Feb/2024:13:32:38 +0000] "GET /favicon.ico HTTP/1.1" 404 47 "-" "Mozilla/5.0 (Windows NT 10.0; Win64; x64) AppleWebKit/537.36 (KHTML, like Gecko) Chrome/121.0.0.0 Safari/537.36"

info: ::1 - - [09/Feb/2024:13:33:29 +0000] "GET /google/callback?code=4%2F0AfJohXnqmE2xgVgUdlH4skBWN7uqpWlu65tPpR3137VbxSsgV3AGLyXUdvBLr4qX9l7xlw&scope=profile+https%3A%2F%2Fwww.googleapis.com%2Fauth%2Fuserinfo.profile HTTP/1.1" 404 47 "https://accounts.google.com/" "Mozilla/5.0 (Windows NT 10.0; Win64; x64) AppleWebKit/537.36 (KHTML, like Gecko) Chrome/121.0.0.0 Safari/537.36"

info: ::1 - - [09/Feb/2024:13:33:36 +0000] "GET /google/callback?code=4%2F0AfJohXlqERKIR8QN1PGPVZdw7Hey51WL9DmME1sWFjRIEW_0YH4EWl_pvhY-cQLMpIl21A&scope=profile+https%3A%2F%2Fwww.googleapis.com%2Fauth%2Fuserinfo.profile HTTP/1.1" 404 47 "https://accounts.google.com/" "Mozilla/5.0 (Windows NT 10.0; Win64; x64) AppleWebKit/537.36 (KHTML, like Gecko) Chrome/121.0.0.0 Safari/537.36"

info: ::1 - - [09/Feb/2024:13:34:15 +0000] "GET /google/callback?code=4%2F0AfJohXnuOyS_akaRqX_3wsI-gmdQ-AnYm6oJIuZE_wV0U5uKtOTarP_jtcj7CLDasxiGIw&scope=profile+https%3A%2F%2Fwww.googleapis.com%2Fauth%2Fuserinfo.profile HTTP/1.1" 404 47 "https://accounts.google.com/" "Mozilla/5.0 (Windows NT 10.0; Win64; x64) AppleWebKit/537.36 (KHTML, like Gecko) Chrome/121.0.0.0 Safari/537.36"

info: ::1 - - [09/Feb/2024:13:35:53 +0000] "GET /api/v1/google/auth HTTP/1.1" 302 0 "http://localhost:5173/" "Mozilla/5.0 (Windows NT 10.0; Win64; x64) AppleWebKit/537.36 (KHTML, like Gecko) Chrome/121.0.0.0 Safari/537.36"

info: ::1 - - [09/Feb/2024:13:39:12 +0000] "GET /api/v1/google/auth HTTP/1.1" 302 0 "http://localhost:5173/" "Mozilla/5.0 (Windows NT 10.0; Win64; x64) AppleWebKit/537.36 (KHTML, like Gecko) Chrome/121.0.0.0 Safari/537.36"

info: ::1 - - [09/Feb/2024:13:39:29 +0000] "GET /api/v1/google/auth HTTP/1.1" 302 0 "http://localhost:5173/" "Mozilla/5.0 (Windows NT 10.0; Win64; x64) AppleWebKit/537.36 (KHTML, like Gecko) Chrome/121.0.0.0 Safari/537.36"

info: ::1 - - [09/Feb/2024:13:40:17 +0000] "GET /api/v1/google/auth HTTP/1.1" 302 0 "http://localhost:5173/" "Mozilla/5.0 (Windows NT 10.0; Win64; x64) AppleWebKit/537.36 (KHTML, like Gecko) Chrome/121.0.0.0 Safari/537.36"

info: ::1 - - [09/Feb/2024:13:57:06 +0000] "GET /api/v1/google/auth HTTP/1.1" 302 0 "http://localhost:5173/" "Mozilla/5.0 (Windows NT 10.0; Win64; x64) AppleWebKit/537.36 (KHTML, like Gecko) Chrome/121.0.0.0 Safari/537.36"

info: ::1 - - [09/Feb/2024:14:00:17 +0000] "GET /api/v1/google/auth HTTP/1.1" 302 0 "http://localhost:5173/" "Mozilla/5.0 (Windows NT 10.0; Win64; x64) AppleWebKit/537.36 (KHTML, like Gecko) Chrome/121.0.0.0 Safari/537.36"

info: ::1 - - [09/Feb/2024:14:00:31 +0000] "GET /api/v1/google/auth HTTP/1.1" 302 0 "http://localhost:5173/" "Mozilla/5.0 (Windows NT 10.0; Win64; x64) AppleWebKit/537.36 (KHTML, like Gecko) Chrome/121.0.0.0 Safari/537.36"

info: ::1 - - [09/Feb/2024:14:00:32 +0000] "GET /api/v1/google/auth HTTP/1.1" 302 0 "http://localhost:5173/" "Mozilla/5.0 (Windows NT 10.0; Win64; x64) AppleWebKit/537.36 (KHTML, like Gecko) Chrome/121.0.0.0 Safari/537.36"

info: ::1 - - [09/Feb/2024:14:10:39 +0000] "GET /api/v1/google/auth HTTP/1.1" 302 0 "http://localhost:5173/" "Mozilla/5.0 (Windows NT 10.0; Win64; x64) AppleWebKit/537.36 (KHTML, like Gecko) Chrome/121.0.0.0 Safari/537.36"

info: ::1 - - [09/Feb/2024:14:12:02 +0000] "GET /api/v1/google/auth HTTP/1.1" 302 0 "http://localhost:5173/" "Mozilla/5.0 (Windows NT 10.0; Win64; x64) AppleWebKit/537.36 (KHTML, like Gecko) Chrome/121.0.0.0 Safari/537.36"

info: ::1 - - [09/Feb/2024:14:17:09 +0000] "GET /api/v1/google/auth HTTP/1.1" 302 0 "http://localhost:5173/" "Mozilla/5.0 (Windows NT 10.0; Win64; x64) AppleWebKit/537.36 (KHTML, like Gecko) Chrome/121.0.0.0 Safari/537.36"

info: ::1 - - [09/Feb/2024:14:17:50 +0000] "GET /api/v1/google/callback?code=4%2F0AfJohXmjukjCSkrLECrWy2qu5drk3kTeQNkYNJDFCN0Qgj9O0Nx7yIvL-G73eE3iryQfzg&scope=profile+https%3A%2F%2Fwww.googleapis.com%2Fauth%2Fuserinfo.profile HTTP/1.1" 500 57 "https://accounts.google.com/" "Mozilla/5.0 (Windows NT 10.0; Win64; x64) AppleWebKit/537.36 (KHTML, like Gecko) Chrome/121.0.0.0 Safari/537.36"

info: ::1 - - [09/Feb/2024:14:19:04 +0000] "GET /api/v1/google/callback?code=4%2F0AfJohXmjukjCSkrLECrWy2qu5drk3kTeQNkYNJDFCN0Qgj9O0Nx7yIvL-G73eE3iryQfzg&scope=profile+https%3A%2F%2Fwww.googleapis.com%2Fauth%2Fuserinfo.profile HTTP/1.1" 500 46 "https://accounts.google.com/" "Mozilla/5.0 (Windows NT 10.0; Win64; x64) AppleWebKit/537.36 (KHTML, like Gecko) Chrome/121.0.0.0 Safari/537.36"

info: ::1 - - [09/Feb/2024:14:19:08 +0000] "GET /api/v1/google/callback?code=4%2F0AfJohXmjukjCSkrLECrWy2qu5drk3kTeQNkYNJDFCN0Qgj9O0Nx7yIvL-G73eE3iryQfzg&scope=profile+https%3A%2F%2Fwww.googleapis.com%2Fauth%2Fuserinfo.profile HTTP/1.1" 500 46 "https://accounts.google.com/" "Mozilla/5.0 (Windows NT 10.0; Win64; x64) AppleWebKit/537.36 (KHTML, like Gecko) Chrome/121.0.0.0 Safari/537.36"

info: ::1 - - [09/Feb/2024:14:19:13 +0000] "GET /api/v1/google/callback?code=4%2F0AfJohXnwlyzd5kiQUQtq7l-31bcwXiBdHrcprkMNbpfVdiDyjgp3lNzwq9w56jopk0LjVA&scope=profile+https%3A%2F%2Fwww.googleapis.com%2Fauth%2Fuserinfo.profile HTTP/1.1" 500 57 "https://accounts.google.com/" "Mozilla/5.0 (Windows NT 10.0; Win64; x64) AppleWebKit/537.36 (KHTML, like Gecko) Chrome/121.0.0.0 Safari/537.36"

info: ::1 - - [09/Feb/2024:14:36:01 +0000] "GET /api/v1/google/callback?code=4%2F0AfJohXm5wtGlVcEWchQzdPKsWnuV4qiAU0tw_67yp7AmbSXhf8fLXciGWS8ZVIe9bVqa4g&scope=profile+https%3A%2F%2Fwww.googleapis.com%2Fauth%2Fuserinfo.profile HTTP/1.1" - - "https://accounts.google.com/" "Mozilla/5.0 (Windows NT 10.0; Win64; x64) AppleWebKit/537.36 (KHTML, like Gecko) Chrome/121.0.0.0 Safari/537.36"

info: ::1 - - [09/Feb/2024:14:41:00 +0000] "GET /api/v1/google/auth HTTP/1.1" 302 0 "http://localhost:5173/" "Mozilla/5.0 (Windows NT 10.0; Win64; x64) AppleWebKit/537.36 (KHTML, like Gecko) Chrome/121.0.0.0 Safari/537.36"

error: uncaughtException: cb is not a function
TypeError: cb is not a function
    at Strategy.<anonymous> (C:\Users\Administrator\Documents\my works\software development works\assessmentproject\src\config\passport.ts:23:18)
    at Generator.next (<anonymous>)
    at C:\Users\Administrator\Documents\my works\software development works\assessmentproject\src\config\passport.ts:8:71
    at new Promise (<anonymous>)
    at __awaiter (C:\Users\Administrator\Documents\my works\software development works\assessmentproject\src\config\passport.ts:4:12)
    at Strategy._verify (C:\Users\Administrator\Documents\my works\software development works\assessmentproject\src\config\passport.ts:27:24)
    at C:\Users\Administrator\Documents\my works\software development works\assessmentproject\node_modules\passport-oauth2\lib\strategy.js:198:24
    at C:\Users\Administrator\Documents\my works\software development works\assessmentproject\node_modules\passport-google-oauth20\lib\strategy.js:122:5
    at passBackControl (C:\Users\Administrator\Documents\my works\software development works\assessmentproject\node_modules\oauth\lib\oauth2.js:134:9)
    at IncomingMessage.<anonymous> (C:\Users\Administrator\Documents\my works\software development works\assessmentproject\node_modules\oauth\lib\oauth2.js:157:7)
    at IncomingMessage.emit (node:events:526:35)
    at endReadableNT (node:internal/streams/readable:1359:12)
    at processTicksAndRejections (node:internal/process/task_queues:82:21) {"date":"Fri Feb 09 2024 15:41:02 GMT+0100 (West Africa Standard Time)","error":{},"exception":true,"os":{"loadavg":[0,0,0],"uptime":104290},"process":{"argv":["C:\\Program Files\\nodejs\\node.exe","./src/index.ts"],"cwd":"C:\\Users\\Administrator\\Documents\\my works\\software development works\\assessmentproject","execPath":"C:\\Program Files\\nodejs\\node.exe","gid":null,"memoryUsage":{"arrayBuffers":18720979,"external":19711277,"heapTotal":62545920,"heapUsed":32753368,"rss":88678400},"pid":11776,"uid":null,"version":"v18.17.1"},"stack":"TypeError: cb is not a function\n    at Strategy.<anonymous> (C:\\Users\\Administrator\\Documents\\my works\\software development works\\assessmentproject\\src\\config\\passport.ts:23:18)\n    at Generator.next (<anonymous>)\n    at C:\\Users\\Administrator\\Documents\\my works\\software development works\\assessmentproject\\src\\config\\passport.ts:8:71\n    at new Promise (<anonymous>)\n    at __awaiter (C:\\Users\\Administrator\\Documents\\my works\\software development works\\assessmentproject\\src\\config\\passport.ts:4:12)\n    at Strategy._verify (C:\\Users\\Administrator\\Documents\\my works\\software development works\\assessmentproject\\src\\config\\passport.ts:27:24)\n    at C:\\Users\\Administrator\\Documents\\my works\\software development works\\assessmentproject\\node_modules\\passport-oauth2\\lib\\strategy.js:198:24\n    at C:\\Users\\Administrator\\Documents\\my works\\software development works\\assessmentproject\\node_modules\\passport-google-oauth20\\lib\\strategy.js:122:5\n    at passBackControl (C:\\Users\\Administrator\\Documents\\my works\\software development works\\assessmentproject\\node_modules\\oauth\\lib\\oauth2.js:134:9)\n    at IncomingMessage.<anonymous> (C:\\Users\\Administrator\\Documents\\my works\\software development works\\assessmentproject\\node_modules\\oauth\\lib\\oauth2.js:157:7)\n    at IncomingMessage.emit (node:events:526:35)\n    at endReadableNT (node:internal/streams/readable:1359:12)\n    at processTicksAndRejections (node:internal/process/task_queues:82:21)","trace":[{"column":18,"file":"C:\\Users\\Administrator\\Documents\\my works\\software development works\\assessmentproject\\src\\config\\passport.ts","function":null,"line":23,"method":null,"native":false},{"column":null,"file":null,"function":"Generator.next","line":null,"method":"next","native":false},{"column":71,"file":"C:\\Users\\Administrator\\Documents\\my works\\software development works\\assessmentproject\\src\\config\\passport.ts","function":null,"line":8,"method":null,"native":false},{"column":null,"file":null,"function":"new Promise","line":null,"method":null,"native":false},{"column":12,"file":"C:\\Users\\Administrator\\Documents\\my works\\software development works\\assessmentproject\\src\\config\\passport.ts","function":"__awaiter","line":4,"method":null,"native":false},{"column":24,"file":"C:\\Users\\Administrator\\Documents\\my works\\software development works\\assessmentproject\\src\\config\\passport.ts","function":"Strategy._verify","line":27,"method":"_verify","native":false},{"column":24,"file":"C:\\Users\\Administrator\\Documents\\my works\\software development works\\assessmentproject\\node_modules\\passport-oauth2\\lib\\strategy.js","function":null,"line":198,"method":null,"native":false},{"column":5,"file":"C:\\Users\\Administrator\\Documents\\my works\\software development works\\assessmentproject\\node_modules\\passport-google-oauth20\\lib\\strategy.js","function":null,"line":122,"method":null,"native":false},{"column":9,"file":"C:\\Users\\Administrator\\Documents\\my works\\software development works\\assessmentproject\\node_modules\\oauth\\lib\\oauth2.js","function":"passBackControl","line":134,"method":null,"native":false},{"column":7,"file":"C:\\Users\\Administrator\\Documents\\my works\\software development works\\assessmentproject\\node_modules\\oauth\\lib\\oauth2.js","function":null,"line":157,"method":null,"native":false},{"column":35,"file":"node:events","function":"IncomingMessage.emit","line":526,"method":"emit","native":false},{"column":12,"file":"node:internal/streams/readable","function":"endReadableNT","line":1359,"method":null,"native":false},{"column":21,"file":"node:internal/process/task_queues","function":"processTicksAndRejections","line":82,"method":null,"native":false}]}
info: ::1 - - [09/Feb/2024:14:41:49 +0000] "GET /api/v1/google/auth HTTP/1.1" 302 0 "http://localhost:5173/" "Mozilla/5.0 (Windows NT 10.0; Win64; x64) AppleWebKit/537.36 (KHTML, like Gecko) Chrome/121.0.0.0 Safari/537.36"

info: ::1 - - [09/Feb/2024:14:42:40 +0000] "GET /api/v1/google/auth HTTP/1.1" 302 0 "http://localhost:5173/" "Mozilla/5.0 (Windows NT 10.0; Win64; x64) AppleWebKit/537.36 (KHTML, like Gecko) Chrome/121.0.0.0 Safari/537.36"

error: uncaughtException: cb is not a function
TypeError: cb is not a function
    at Strategy.<anonymous> (C:\Users\Administrator\Documents\my works\software development works\assessmentproject\src\config\passport.ts:23:18)
    at Generator.next (<anonymous>)
    at C:\Users\Administrator\Documents\my works\software development works\assessmentproject\src\config\passport.ts:8:71
    at new Promise (<anonymous>)
    at __awaiter (C:\Users\Administrator\Documents\my works\software development works\assessmentproject\src\config\passport.ts:4:12)
    at Strategy._verify (C:\Users\Administrator\Documents\my works\software development works\assessmentproject\src\config\passport.ts:27:24)
    at C:\Users\Administrator\Documents\my works\software development works\assessmentproject\node_modules\passport-oauth2\lib\strategy.js:198:24
    at C:\Users\Administrator\Documents\my works\software development works\assessmentproject\node_modules\passport-google-oauth20\lib\strategy.js:122:5
    at passBackControl (C:\Users\Administrator\Documents\my works\software development works\assessmentproject\node_modules\oauth\lib\oauth2.js:134:9)
    at IncomingMessage.<anonymous> (C:\Users\Administrator\Documents\my works\software development works\assessmentproject\node_modules\oauth\lib\oauth2.js:157:7)
    at IncomingMessage.emit (node:events:526:35)
    at endReadableNT (node:internal/streams/readable:1359:12)
    at processTicksAndRejections (node:internal/process/task_queues:82:21) {"date":"Fri Feb 09 2024 15:42:42 GMT+0100 (West Africa Standard Time)","error":{},"exception":true,"os":{"loadavg":[0,0,0],"uptime":104389.64},"process":{"argv":["C:\\Program Files\\nodejs\\node.exe","./src/index.ts"],"cwd":"C:\\Users\\Administrator\\Documents\\my works\\software development works\\assessmentproject","execPath":"C:\\Program Files\\nodejs\\node.exe","gid":null,"memoryUsage":{"arrayBuffers":18316873,"external":19304970,"heapTotal":30826496,"heapUsed":27773704,"rss":72740864},"pid":13272,"uid":null,"version":"v18.17.1"},"stack":"TypeError: cb is not a function\n    at Strategy.<anonymous> (C:\\Users\\Administrator\\Documents\\my works\\software development works\\assessmentproject\\src\\config\\passport.ts:23:18)\n    at Generator.next (<anonymous>)\n    at C:\\Users\\Administrator\\Documents\\my works\\software development works\\assessmentproject\\src\\config\\passport.ts:8:71\n    at new Promise (<anonymous>)\n    at __awaiter (C:\\Users\\Administrator\\Documents\\my works\\software development works\\assessmentproject\\src\\config\\passport.ts:4:12)\n    at Strategy._verify (C:\\Users\\Administrator\\Documents\\my works\\software development works\\assessmentproject\\src\\config\\passport.ts:27:24)\n    at C:\\Users\\Administrator\\Documents\\my works\\software development works\\assessmentproject\\node_modules\\passport-oauth2\\lib\\strategy.js:198:24\n    at C:\\Users\\Administrator\\Documents\\my works\\software development works\\assessmentproject\\node_modules\\passport-google-oauth20\\lib\\strategy.js:122:5\n    at passBackControl (C:\\Users\\Administrator\\Documents\\my works\\software development works\\assessmentproject\\node_modules\\oauth\\lib\\oauth2.js:134:9)\n    at IncomingMessage.<anonymous> (C:\\Users\\Administrator\\Documents\\my works\\software development works\\assessmentproject\\node_modules\\oauth\\lib\\oauth2.js:157:7)\n    at IncomingMessage.emit (node:events:526:35)\n    at endReadableNT (node:internal/streams/readable:1359:12)\n    at processTicksAndRejections (node:internal/process/task_queues:82:21)","trace":[{"column":18,"file":"C:\\Users\\Administrator\\Documents\\my works\\software development works\\assessmentproject\\src\\config\\passport.ts","function":null,"line":23,"method":null,"native":false},{"column":null,"file":null,"function":"Generator.next","line":null,"method":"next","native":false},{"column":71,"file":"C:\\Users\\Administrator\\Documents\\my works\\software development works\\assessmentproject\\src\\config\\passport.ts","function":null,"line":8,"method":null,"native":false},{"column":null,"file":null,"function":"new Promise","line":null,"method":null,"native":false},{"column":12,"file":"C:\\Users\\Administrator\\Documents\\my works\\software development works\\assessmentproject\\src\\config\\passport.ts","function":"__awaiter","line":4,"method":null,"native":false},{"column":24,"file":"C:\\Users\\Administrator\\Documents\\my works\\software development works\\assessmentproject\\src\\config\\passport.ts","function":"Strategy._verify","line":27,"method":"_verify","native":false},{"column":24,"file":"C:\\Users\\Administrator\\Documents\\my works\\software development works\\assessmentproject\\node_modules\\passport-oauth2\\lib\\strategy.js","function":null,"line":198,"method":null,"native":false},{"column":5,"file":"C:\\Users\\Administrator\\Documents\\my works\\software development works\\assessmentproject\\node_modules\\passport-google-oauth20\\lib\\strategy.js","function":null,"line":122,"method":null,"native":false},{"column":9,"file":"C:\\Users\\Administrator\\Documents\\my works\\software development works\\assessmentproject\\node_modules\\oauth\\lib\\oauth2.js","function":"passBackControl","line":134,"method":null,"native":false},{"column":7,"file":"C:\\Users\\Administrator\\Documents\\my works\\software development works\\assessmentproject\\node_modules\\oauth\\lib\\oauth2.js","function":null,"line":157,"method":null,"native":false},{"column":35,"file":"node:events","function":"IncomingMessage.emit","line":526,"method":"emit","native":false},{"column":12,"file":"node:internal/streams/readable","function":"endReadableNT","line":1359,"method":null,"native":false},{"column":21,"file":"node:internal/process/task_queues","function":"processTicksAndRejections","line":82,"method":null,"native":false}]}
error: uncaughtException: cb is not a function
TypeError: cb is not a function
    at Strategy.<anonymous> (C:\Users\Administrator\Documents\my works\software development works\assessmentproject\src\config\passport.ts:23:18)
    at Generator.next (<anonymous>)
    at C:\Users\Administrator\Documents\my works\software development works\assessmentproject\src\config\passport.ts:8:71
    at new Promise (<anonymous>)
    at __awaiter (C:\Users\Administrator\Documents\my works\software development works\assessmentproject\src\config\passport.ts:4:12)
    at Strategy._verify (C:\Users\Administrator\Documents\my works\software development works\assessmentproject\src\config\passport.ts:27:24)
    at C:\Users\Administrator\Documents\my works\software development works\assessmentproject\node_modules\passport-oauth2\lib\strategy.js:198:24
    at C:\Users\Administrator\Documents\my works\software development works\assessmentproject\node_modules\passport-google-oauth20\lib\strategy.js:122:5
    at passBackControl (C:\Users\Administrator\Documents\my works\software development works\assessmentproject\node_modules\oauth\lib\oauth2.js:134:9)
    at IncomingMessage.<anonymous> (C:\Users\Administrator\Documents\my works\software development works\assessmentproject\node_modules\oauth\lib\oauth2.js:157:7)
    at IncomingMessage.emit (node:events:526:35)
    at endReadableNT (node:internal/streams/readable:1359:12)
    at processTicksAndRejections (node:internal/process/task_queues:82:21) {"date":"Fri Feb 09 2024 15:42:42 GMT+0100 (West Africa Standard Time)","error":{},"exception":true,"os":{"loadavg":[0,0,0],"uptime":104389.656},"process":{"argv":["C:\\Program Files\\nodejs\\node.exe","./src/index.ts"],"cwd":"C:\\Users\\Administrator\\Documents\\my works\\software development works\\assessmentproject","execPath":"C:\\Program Files\\nodejs\\node.exe","gid":null,"memoryUsage":{"arrayBuffers":18322711,"external":19310808,"heapTotal":30826496,"heapUsed":27853208,"rss":72826880},"pid":13272,"uid":null,"version":"v18.17.1"},"stack":"TypeError: cb is not a function\n    at Strategy.<anonymous> (C:\\Users\\Administrator\\Documents\\my works\\software development works\\assessmentproject\\src\\config\\passport.ts:23:18)\n    at Generator.next (<anonymous>)\n    at C:\\Users\\Administrator\\Documents\\my works\\software development works\\assessmentproject\\src\\config\\passport.ts:8:71\n    at new Promise (<anonymous>)\n    at __awaiter (C:\\Users\\Administrator\\Documents\\my works\\software development works\\assessmentproject\\src\\config\\passport.ts:4:12)\n    at Strategy._verify (C:\\Users\\Administrator\\Documents\\my works\\software development works\\assessmentproject\\src\\config\\passport.ts:27:24)\n    at C:\\Users\\Administrator\\Documents\\my works\\software development works\\assessmentproject\\node_modules\\passport-oauth2\\lib\\strategy.js:198:24\n    at C:\\Users\\Administrator\\Documents\\my works\\software development works\\assessmentproject\\node_modules\\passport-google-oauth20\\lib\\strategy.js:122:5\n    at passBackControl (C:\\Users\\Administrator\\Documents\\my works\\software development works\\assessmentproject\\node_modules\\oauth\\lib\\oauth2.js:134:9)\n    at IncomingMessage.<anonymous> (C:\\Users\\Administrator\\Documents\\my works\\software development works\\assessmentproject\\node_modules\\oauth\\lib\\oauth2.js:157:7)\n    at IncomingMessage.emit (node:events:526:35)\n    at endReadableNT (node:internal/streams/readable:1359:12)\n    at processTicksAndRejections (node:internal/process/task_queues:82:21)","trace":[{"column":18,"file":"C:\\Users\\Administrator\\Documents\\my works\\software development works\\assessmentproject\\src\\config\\passport.ts","function":null,"line":23,"method":null,"native":false},{"column":null,"file":null,"function":"Generator.next","line":null,"method":"next","native":false},{"column":71,"file":"C:\\Users\\Administrator\\Documents\\my works\\software development works\\assessmentproject\\src\\config\\passport.ts","function":null,"line":8,"method":null,"native":false},{"column":null,"file":null,"function":"new Promise","line":null,"method":null,"native":false},{"column":12,"file":"C:\\Users\\Administrator\\Documents\\my works\\software development works\\assessmentproject\\src\\config\\passport.ts","function":"__awaiter","line":4,"method":null,"native":false},{"column":24,"file":"C:\\Users\\Administrator\\Documents\\my works\\software development works\\assessmentproject\\src\\config\\passport.ts","function":"Strategy._verify","line":27,"method":"_verify","native":false},{"column":24,"file":"C:\\Users\\Administrator\\Documents\\my works\\software development works\\assessmentproject\\node_modules\\passport-oauth2\\lib\\strategy.js","function":null,"line":198,"method":null,"native":false},{"column":5,"file":"C:\\Users\\Administrator\\Documents\\my works\\software development works\\assessmentproject\\node_modules\\passport-google-oauth20\\lib\\strategy.js","function":null,"line":122,"method":null,"native":false},{"column":9,"file":"C:\\Users\\Administrator\\Documents\\my works\\software development works\\assessmentproject\\node_modules\\oauth\\lib\\oauth2.js","function":"passBackControl","line":134,"method":null,"native":false},{"column":7,"file":"C:\\Users\\Administrator\\Documents\\my works\\software development works\\assessmentproject\\node_modules\\oauth\\lib\\oauth2.js","function":null,"line":157,"method":null,"native":false},{"column":35,"file":"node:events","function":"IncomingMessage.emit","line":526,"method":"emit","native":false},{"column":12,"file":"node:internal/streams/readable","function":"endReadableNT","line":1359,"method":null,"native":false},{"column":21,"file":"node:internal/process/task_queues","function":"processTicksAndRejections","line":82,"method":null,"native":false}]}
info: ::ffff:127.0.0.1 - - [09/Feb/2024:14:43:11 +0000] "GET /api/v1/google/auth HTTP/1.1" 302 0 "http://localhost:5173/" "Mozilla/5.0 (Windows NT 10.0; Win64; x64) AppleWebKit/537.36 (KHTML, like Gecko) Chrome/121.0.0.0 Safari/537.36"

error: uncaughtException: cb is not a function
TypeError: cb is not a function
    at Strategy.<anonymous> (C:\Users\Administrator\Documents\my works\software development works\assessmentproject\src\config\passport.ts:23:18)
    at Generator.next (<anonymous>)
    at C:\Users\Administrator\Documents\my works\software development works\assessmentproject\src\config\passport.ts:8:71
    at new Promise (<anonymous>)
    at __awaiter (C:\Users\Administrator\Documents\my works\software development works\assessmentproject\src\config\passport.ts:4:12)
    at Strategy._verify (C:\Users\Administrator\Documents\my works\software development works\assessmentproject\src\config\passport.ts:27:24)
    at C:\Users\Administrator\Documents\my works\software development works\assessmentproject\node_modules\passport-oauth2\lib\strategy.js:198:24
    at C:\Users\Administrator\Documents\my works\software development works\assessmentproject\node_modules\passport-google-oauth20\lib\strategy.js:122:5
    at passBackControl (C:\Users\Administrator\Documents\my works\software development works\assessmentproject\node_modules\oauth\lib\oauth2.js:134:9)
    at IncomingMessage.<anonymous> (C:\Users\Administrator\Documents\my works\software development works\assessmentproject\node_modules\oauth\lib\oauth2.js:157:7)
    at IncomingMessage.emit (node:events:526:35)
    at endReadableNT (node:internal/streams/readable:1359:12)
    at processTicksAndRejections (node:internal/process/task_queues:82:21) {"date":"Fri Feb 09 2024 15:43:13 GMT+0100 (West Africa Standard Time)","error":{},"exception":true,"os":{"loadavg":[0,0,0],"uptime":104420.343},"process":{"argv":["C:\\Program Files\\nodejs\\node.exe","./src/index.ts"],"cwd":"C:\\Users\\Administrator\\Documents\\my works\\software development works\\assessmentproject","execPath":"C:\\Program Files\\nodejs\\node.exe","gid":null,"memoryUsage":{"arrayBuffers":19014576,"external":20004874,"heapTotal":60973056,"heapUsed":37806048,"rss":90341376},"pid":13580,"uid":null,"version":"v18.17.1"},"stack":"TypeError: cb is not a function\n    at Strategy.<anonymous> (C:\\Users\\Administrator\\Documents\\my works\\software development works\\assessmentproject\\src\\config\\passport.ts:23:18)\n    at Generator.next (<anonymous>)\n    at C:\\Users\\Administrator\\Documents\\my works\\software development works\\assessmentproject\\src\\config\\passport.ts:8:71\n    at new Promise (<anonymous>)\n    at __awaiter (C:\\Users\\Administrator\\Documents\\my works\\software development works\\assessmentproject\\src\\config\\passport.ts:4:12)\n    at Strategy._verify (C:\\Users\\Administrator\\Documents\\my works\\software development works\\assessmentproject\\src\\config\\passport.ts:27:24)\n    at C:\\Users\\Administrator\\Documents\\my works\\software development works\\assessmentproject\\node_modules\\passport-oauth2\\lib\\strategy.js:198:24\n    at C:\\Users\\Administrator\\Documents\\my works\\software development works\\assessmentproject\\node_modules\\passport-google-oauth20\\lib\\strategy.js:122:5\n    at passBackControl (C:\\Users\\Administrator\\Documents\\my works\\software development works\\assessmentproject\\node_modules\\oauth\\lib\\oauth2.js:134:9)\n    at IncomingMessage.<anonymous> (C:\\Users\\Administrator\\Documents\\my works\\software development works\\assessmentproject\\node_modules\\oauth\\lib\\oauth2.js:157:7)\n    at IncomingMessage.emit (node:events:526:35)\n    at endReadableNT (node:internal/streams/readable:1359:12)\n    at processTicksAndRejections (node:internal/process/task_queues:82:21)","trace":[{"column":18,"file":"C:\\Users\\Administrator\\Documents\\my works\\software development works\\assessmentproject\\src\\config\\passport.ts","function":null,"line":23,"method":null,"native":false},{"column":null,"file":null,"function":"Generator.next","line":null,"method":"next","native":false},{"column":71,"file":"C:\\Users\\Administrator\\Documents\\my works\\software development works\\assessmentproject\\src\\config\\passport.ts","function":null,"line":8,"method":null,"native":false},{"column":null,"file":null,"function":"new Promise","line":null,"method":null,"native":false},{"column":12,"file":"C:\\Users\\Administrator\\Documents\\my works\\software development works\\assessmentproject\\src\\config\\passport.ts","function":"__awaiter","line":4,"method":null,"native":false},{"column":24,"file":"C:\\Users\\Administrator\\Documents\\my works\\software development works\\assessmentproject\\src\\config\\passport.ts","function":"Strategy._verify","line":27,"method":"_verify","native":false},{"column":24,"file":"C:\\Users\\Administrator\\Documents\\my works\\software development works\\assessmentproject\\node_modules\\passport-oauth2\\lib\\strategy.js","function":null,"line":198,"method":null,"native":false},{"column":5,"file":"C:\\Users\\Administrator\\Documents\\my works\\software development works\\assessmentproject\\node_modules\\passport-google-oauth20\\lib\\strategy.js","function":null,"line":122,"method":null,"native":false},{"column":9,"file":"C:\\Users\\Administrator\\Documents\\my works\\software development works\\assessmentproject\\node_modules\\oauth\\lib\\oauth2.js","function":"passBackControl","line":134,"method":null,"native":false},{"column":7,"file":"C:\\Users\\Administrator\\Documents\\my works\\software development works\\assessmentproject\\node_modules\\oauth\\lib\\oauth2.js","function":null,"line":157,"method":null,"native":false},{"column":35,"file":"node:events","function":"IncomingMessage.emit","line":526,"method":"emit","native":false},{"column":12,"file":"node:internal/streams/readable","function":"endReadableNT","line":1359,"method":null,"native":false},{"column":21,"file":"node:internal/process/task_queues","function":"processTicksAndRejections","line":82,"method":null,"native":false}]}
info: ::1 - - [09/Feb/2024:14:51:51 +0000] "GET /api/v1/google/auth HTTP/1.1" 302 0 "http://localhost:5173/" "Mozilla/5.0 (Windows NT 10.0; Win64; x64) AppleWebKit/537.36 (KHTML, like Gecko) Chrome/121.0.0.0 Safari/537.36"

error: uncaughtException: done is not a function
TypeError: done is not a function
    at Strategy.<anonymous> (C:\Users\Administrator\Documents\my works\software development works\assessmentproject\src\config\passport.ts:23:18)
    at Generator.next (<anonymous>)
    at C:\Users\Administrator\Documents\my works\software development works\assessmentproject\src\config\passport.ts:8:71
    at new Promise (<anonymous>)
    at __awaiter (C:\Users\Administrator\Documents\my works\software development works\assessmentproject\src\config\passport.ts:4:12)
    at Strategy._verify (C:\Users\Administrator\Documents\my works\software development works\assessmentproject\src\config\passport.ts:28:24)
    at C:\Users\Administrator\Documents\my works\software development works\assessmentproject\node_modules\passport-oauth2\lib\strategy.js:198:24
    at C:\Users\Administrator\Documents\my works\software development works\assessmentproject\node_modules\passport-google-oauth2\lib\oauth2.js:165:7
    at passBackControl (C:\Users\Administrator\Documents\my works\software development works\assessmentproject\node_modules\oauth\lib\oauth2.js:134:9)
    at IncomingMessage.<anonymous> (C:\Users\Administrator\Documents\my works\software development works\assessmentproject\node_modules\oauth\lib\oauth2.js:157:7)
    at IncomingMessage.emit (node:events:526:35)
    at endReadableNT (node:internal/streams/readable:1359:12)
    at processTicksAndRejections (node:internal/process/task_queues:82:21) {"date":"Fri Feb 09 2024 15:52:00 GMT+0100 (West Africa Standard Time)","error":{},"exception":true,"os":{"loadavg":[0,0,0],"uptime":104947.406},"process":{"argv":["C:\\Program Files\\nodejs\\node.exe","./src/index.ts"],"cwd":"C:\\Users\\Administrator\\Documents\\my works\\software development works\\assessmentproject","execPath":"C:\\Program Files\\nodejs\\node.exe","gid":null,"memoryUsage":{"arrayBuffers":18327724,"external":19315819,"heapTotal":30040064,"heapUsed":27717296,"rss":72761344},"pid":11188,"uid":null,"version":"v18.17.1"},"stack":"TypeError: done is not a function\n    at Strategy.<anonymous> (C:\\Users\\Administrator\\Documents\\my works\\software development works\\assessmentproject\\src\\config\\passport.ts:23:18)\n    at Generator.next (<anonymous>)\n    at C:\\Users\\Administrator\\Documents\\my works\\software development works\\assessmentproject\\src\\config\\passport.ts:8:71\n    at new Promise (<anonymous>)\n    at __awaiter (C:\\Users\\Administrator\\Documents\\my works\\software development works\\assessmentproject\\src\\config\\passport.ts:4:12)\n    at Strategy._verify (C:\\Users\\Administrator\\Documents\\my works\\software development works\\assessmentproject\\src\\config\\passport.ts:28:24)\n    at C:\\Users\\Administrator\\Documents\\my works\\software development works\\assessmentproject\\node_modules\\passport-oauth2\\lib\\strategy.js:198:24\n    at C:\\Users\\Administrator\\Documents\\my works\\software development works\\assessmentproject\\node_modules\\passport-google-oauth2\\lib\\oauth2.js:165:7\n    at passBackControl (C:\\Users\\Administrator\\Documents\\my works\\software development works\\assessmentproject\\node_modules\\oauth\\lib\\oauth2.js:134:9)\n    at IncomingMessage.<anonymous> (C:\\Users\\Administrator\\Documents\\my works\\software development works\\assessmentproject\\node_modules\\oauth\\lib\\oauth2.js:157:7)\n    at IncomingMessage.emit (node:events:526:35)\n    at endReadableNT (node:internal/streams/readable:1359:12)\n    at processTicksAndRejections (node:internal/process/task_queues:82:21)","trace":[{"column":18,"file":"C:\\Users\\Administrator\\Documents\\my works\\software development works\\assessmentproject\\src\\config\\passport.ts","function":null,"line":23,"method":null,"native":false},{"column":null,"file":null,"function":"Generator.next","line":null,"method":"next","native":false},{"column":71,"file":"C:\\Users\\Administrator\\Documents\\my works\\software development works\\assessmentproject\\src\\config\\passport.ts","function":null,"line":8,"method":null,"native":false},{"column":null,"file":null,"function":"new Promise","line":null,"method":null,"native":false},{"column":12,"file":"C:\\Users\\Administrator\\Documents\\my works\\software development works\\assessmentproject\\src\\config\\passport.ts","function":"__awaiter","line":4,"method":null,"native":false},{"column":24,"file":"C:\\Users\\Administrator\\Documents\\my works\\software development works\\assessmentproject\\src\\config\\passport.ts","function":"Strategy._verify","line":28,"method":"_verify","native":false},{"column":24,"file":"C:\\Users\\Administrator\\Documents\\my works\\software development works\\assessmentproject\\node_modules\\passport-oauth2\\lib\\strategy.js","function":null,"line":198,"method":null,"native":false},{"column":7,"file":"C:\\Users\\Administrator\\Documents\\my works\\software development works\\assessmentproject\\node_modules\\passport-google-oauth2\\lib\\oauth2.js","function":null,"line":165,"method":null,"native":false},{"column":9,"file":"C:\\Users\\Administrator\\Documents\\my works\\software development works\\assessmentproject\\node_modules\\oauth\\lib\\oauth2.js","function":"passBackControl","line":134,"method":null,"native":false},{"column":7,"file":"C:\\Users\\Administrator\\Documents\\my works\\software development works\\assessmentproject\\node_modules\\oauth\\lib\\oauth2.js","function":null,"line":157,"method":null,"native":false},{"column":35,"file":"node:events","function":"IncomingMessage.emit","line":526,"method":"emit","native":false},{"column":12,"file":"node:internal/streams/readable","function":"endReadableNT","line":1359,"method":null,"native":false},{"column":21,"file":"node:internal/process/task_queues","function":"processTicksAndRejections","line":82,"method":null,"native":false}]}
info: ::1 - - [09/Feb/2024:14:52:37 +0000] "GET /api/v1/google/auth HTTP/1.1" 302 0 "http://localhost:5173/" "Mozilla/5.0 (Windows NT 10.0; Win64; x64) AppleWebKit/537.36 (KHTML, like Gecko) Chrome/121.0.0.0 Safari/537.36"

info: ::1 - - [09/Feb/2024:14:55:29 +0000] "GET /api/v1/google/callback?code=4%2F0AfJohXn3OppnkP8xWZ3Dno-pMeJe9HGOJyu4o2Pru1TBXQL5T9VHxcc524WhxMlZ7YRQBw&scope=email+profile+https%3A%2F%2Fwww.googleapis.com%2Fauth%2Fuserinfo.email+https%3A%2F%2Fwww.googleapis.com%2Fauth%2Fuserinfo.profile+openid&authuser=0&prompt=none HTTP/1.1" - - "-" "Mozilla/5.0 (Windows NT 10.0; Win64; x64) AppleWebKit/537.36 (KHTML, like Gecko) Chrome/121.0.0.0 Safari/537.36"

info: ::1 - - [09/Feb/2024:14:55:43 +0000] "GET /api/v1/google/auth HTTP/1.1" 302 0 "http://localhost:5173/" "Mozilla/5.0 (Windows NT 10.0; Win64; x64) AppleWebKit/537.36 (KHTML, like Gecko) Chrome/121.0.0.0 Safari/537.36"

info: ::1 - - [09/Feb/2024:14:59:31 +0000] "GET /api/v1/google/callback?code=4%2F0AfJohXk9xI2ttOj2kBz3gyMDoROEjQVkL7ZIn--QU2pwvXBbgOLw8pXf8iRwlfID9MZ0yA&scope=email+profile+https%3A%2F%2Fwww.googleapis.com%2Fauth%2Fuserinfo.email+https%3A%2F%2Fwww.googleapis.com%2Fauth%2Fuserinfo.profile+openid&authuser=0&prompt=none HTTP/1.1" 500 46 "-" "Mozilla/5.0 (Windows NT 10.0; Win64; x64) AppleWebKit/537.36 (KHTML, like Gecko) Chrome/121.0.0.0 Safari/537.36"

info: ::1 - - [09/Feb/2024:15:00:40 +0000] "GET /api/v1/google/auth HTTP/1.1" 302 0 "http://localhost:5173/" "Mozilla/5.0 (Windows NT 10.0; Win64; x64) AppleWebKit/537.36 (KHTML, like Gecko) Chrome/121.0.0.0 Safari/537.36"

error: uncaughtException: done is not a function
TypeError: done is not a function
    at Strategy.<anonymous> (C:\Users\Administrator\Documents\my works\software development works\assessmentproject\src\config\passport.ts:23:11)
    at Generator.next (<anonymous>)
    at C:\Users\Administrator\Documents\my works\software development works\assessmentproject\src\config\passport.ts:8:71
    at new Promise (<anonymous>)
    at __awaiter (C:\Users\Administrator\Documents\my works\software development works\assessmentproject\src\config\passport.ts:4:12)
    at Strategy._verify (C:\Users\Administrator\Documents\my works\software development works\assessmentproject\src\config\passport.ts:28:24)
    at C:\Users\Administrator\Documents\my works\software development works\assessmentproject\node_modules\passport-oauth2\lib\strategy.js:198:24
    at C:\Users\Administrator\Documents\my works\software development works\assessmentproject\node_modules\passport-google-oauth2\lib\oauth2.js:165:7
    at passBackControl (C:\Users\Administrator\Documents\my works\software development works\assessmentproject\node_modules\oauth\lib\oauth2.js:134:9)
    at IncomingMessage.<anonymous> (C:\Users\Administrator\Documents\my works\software development works\assessmentproject\node_modules\oauth\lib\oauth2.js:157:7)
    at IncomingMessage.emit (node:events:526:35)
    at endReadableNT (node:internal/streams/readable:1359:12)
    at processTicksAndRejections (node:internal/process/task_queues:82:21) {"date":"Fri Feb 09 2024 16:00:43 GMT+0100 (West Africa Standard Time)","error":{},"exception":true,"os":{"loadavg":[0,0,0],"uptime":105470.296},"process":{"argv":["C:\\Program Files\\nodejs\\node.exe","./src/index.ts"],"cwd":"C:\\Users\\Administrator\\Documents\\my works\\software development works\\assessmentproject","execPath":"C:\\Program Files\\nodejs\\node.exe","gid":null,"memoryUsage":{"arrayBuffers":18329245,"external":19317340,"heapTotal":30826496,"heapUsed":27681504,"rss":73015296},"pid":7864,"uid":null,"version":"v18.17.1"},"stack":"TypeError: done is not a function\n    at Strategy.<anonymous> (C:\\Users\\Administrator\\Documents\\my works\\software development works\\assessmentproject\\src\\config\\passport.ts:23:11)\n    at Generator.next (<anonymous>)\n    at C:\\Users\\Administrator\\Documents\\my works\\software development works\\assessmentproject\\src\\config\\passport.ts:8:71\n    at new Promise (<anonymous>)\n    at __awaiter (C:\\Users\\Administrator\\Documents\\my works\\software development works\\assessmentproject\\src\\config\\passport.ts:4:12)\n    at Strategy._verify (C:\\Users\\Administrator\\Documents\\my works\\software development works\\assessmentproject\\src\\config\\passport.ts:28:24)\n    at C:\\Users\\Administrator\\Documents\\my works\\software development works\\assessmentproject\\node_modules\\passport-oauth2\\lib\\strategy.js:198:24\n    at C:\\Users\\Administrator\\Documents\\my works\\software development works\\assessmentproject\\node_modules\\passport-google-oauth2\\lib\\oauth2.js:165:7\n    at passBackControl (C:\\Users\\Administrator\\Documents\\my works\\software development works\\assessmentproject\\node_modules\\oauth\\lib\\oauth2.js:134:9)\n    at IncomingMessage.<anonymous> (C:\\Users\\Administrator\\Documents\\my works\\software development works\\assessmentproject\\node_modules\\oauth\\lib\\oauth2.js:157:7)\n    at IncomingMessage.emit (node:events:526:35)\n    at endReadableNT (node:internal/streams/readable:1359:12)\n    at processTicksAndRejections (node:internal/process/task_queues:82:21)","trace":[{"column":11,"file":"C:\\Users\\Administrator\\Documents\\my works\\software development works\\assessmentproject\\src\\config\\passport.ts","function":null,"line":23,"method":null,"native":false},{"column":null,"file":null,"function":"Generator.next","line":null,"method":"next","native":false},{"column":71,"file":"C:\\Users\\Administrator\\Documents\\my works\\software development works\\assessmentproject\\src\\config\\passport.ts","function":null,"line":8,"method":null,"native":false},{"column":null,"file":null,"function":"new Promise","line":null,"method":null,"native":false},{"column":12,"file":"C:\\Users\\Administrator\\Documents\\my works\\software development works\\assessmentproject\\src\\config\\passport.ts","function":"__awaiter","line":4,"method":null,"native":false},{"column":24,"file":"C:\\Users\\Administrator\\Documents\\my works\\software development works\\assessmentproject\\src\\config\\passport.ts","function":"Strategy._verify","line":28,"method":"_verify","native":false},{"column":24,"file":"C:\\Users\\Administrator\\Documents\\my works\\software development works\\assessmentproject\\node_modules\\passport-oauth2\\lib\\strategy.js","function":null,"line":198,"method":null,"native":false},{"column":7,"file":"C:\\Users\\Administrator\\Documents\\my works\\software development works\\assessmentproject\\node_modules\\passport-google-oauth2\\lib\\oauth2.js","function":null,"line":165,"method":null,"native":false},{"column":9,"file":"C:\\Users\\Administrator\\Documents\\my works\\software development works\\assessmentproject\\node_modules\\oauth\\lib\\oauth2.js","function":"passBackControl","line":134,"method":null,"native":false},{"column":7,"file":"C:\\Users\\Administrator\\Documents\\my works\\software development works\\assessmentproject\\node_modules\\oauth\\lib\\oauth2.js","function":null,"line":157,"method":null,"native":false},{"column":35,"file":"node:events","function":"IncomingMessage.emit","line":526,"method":"emit","native":false},{"column":12,"file":"node:internal/streams/readable","function":"endReadableNT","line":1359,"method":null,"native":false},{"column":21,"file":"node:internal/process/task_queues","function":"processTicksAndRejections","line":82,"method":null,"native":false}]}
error: uncaughtException: done is not a function
TypeError: done is not a function
    at Strategy.<anonymous> (C:\Users\Administrator\Documents\my works\software development works\assessmentproject\src\config\passport.ts:23:11)
    at Generator.next (<anonymous>)
    at C:\Users\Administrator\Documents\my works\software development works\assessmentproject\src\config\passport.ts:8:71
    at new Promise (<anonymous>)
    at __awaiter (C:\Users\Administrator\Documents\my works\software development works\assessmentproject\src\config\passport.ts:4:12)
    at Strategy._verify (C:\Users\Administrator\Documents\my works\software development works\assessmentproject\src\config\passport.ts:28:24)
    at C:\Users\Administrator\Documents\my works\software development works\assessmentproject\node_modules\passport-oauth2\lib\strategy.js:198:24
    at C:\Users\Administrator\Documents\my works\software development works\assessmentproject\node_modules\passport-google-oauth2\lib\oauth2.js:165:7
    at passBackControl (C:\Users\Administrator\Documents\my works\software development works\assessmentproject\node_modules\oauth\lib\oauth2.js:134:9)
    at IncomingMessage.<anonymous> (C:\Users\Administrator\Documents\my works\software development works\assessmentproject\node_modules\oauth\lib\oauth2.js:157:7)
    at IncomingMessage.emit (node:events:526:35)
    at endReadableNT (node:internal/streams/readable:1359:12)
    at processTicksAndRejections (node:internal/process/task_queues:82:21) {"date":"Fri Feb 09 2024 16:00:43 GMT+0100 (West Africa Standard Time)","error":{},"exception":true,"os":{"loadavg":[0,0,0],"uptime":105470.296},"process":{"argv":["C:\\Program Files\\nodejs\\node.exe","./src/index.ts"],"cwd":"C:\\Users\\Administrator\\Documents\\my works\\software development works\\assessmentproject","execPath":"C:\\Program Files\\nodejs\\node.exe","gid":null,"memoryUsage":{"arrayBuffers":18335080,"external":19323175,"heapTotal":30826496,"heapUsed":27764624,"rss":73101312},"pid":7864,"uid":null,"version":"v18.17.1"},"stack":"TypeError: done is not a function\n    at Strategy.<anonymous> (C:\\Users\\Administrator\\Documents\\my works\\software development works\\assessmentproject\\src\\config\\passport.ts:23:11)\n    at Generator.next (<anonymous>)\n    at C:\\Users\\Administrator\\Documents\\my works\\software development works\\assessmentproject\\src\\config\\passport.ts:8:71\n    at new Promise (<anonymous>)\n    at __awaiter (C:\\Users\\Administrator\\Documents\\my works\\software development works\\assessmentproject\\src\\config\\passport.ts:4:12)\n    at Strategy._verify (C:\\Users\\Administrator\\Documents\\my works\\software development works\\assessmentproject\\src\\config\\passport.ts:28:24)\n    at C:\\Users\\Administrator\\Documents\\my works\\software development works\\assessmentproject\\node_modules\\passport-oauth2\\lib\\strategy.js:198:24\n    at C:\\Users\\Administrator\\Documents\\my works\\software development works\\assessmentproject\\node_modules\\passport-google-oauth2\\lib\\oauth2.js:165:7\n    at passBackControl (C:\\Users\\Administrator\\Documents\\my works\\software development works\\assessmentproject\\node_modules\\oauth\\lib\\oauth2.js:134:9)\n    at IncomingMessage.<anonymous> (C:\\Users\\Administrator\\Documents\\my works\\software development works\\assessmentproject\\node_modules\\oauth\\lib\\oauth2.js:157:7)\n    at IncomingMessage.emit (node:events:526:35)\n    at endReadableNT (node:internal/streams/readable:1359:12)\n    at processTicksAndRejections (node:internal/process/task_queues:82:21)","trace":[{"column":11,"file":"C:\\Users\\Administrator\\Documents\\my works\\software development works\\assessmentproject\\src\\config\\passport.ts","function":null,"line":23,"method":null,"native":false},{"column":null,"file":null,"function":"Generator.next","line":null,"method":"next","native":false},{"column":71,"file":"C:\\Users\\Administrator\\Documents\\my works\\software development works\\assessmentproject\\src\\config\\passport.ts","function":null,"line":8,"method":null,"native":false},{"column":null,"file":null,"function":"new Promise","line":null,"method":null,"native":false},{"column":12,"file":"C:\\Users\\Administrator\\Documents\\my works\\software development works\\assessmentproject\\src\\config\\passport.ts","function":"__awaiter","line":4,"method":null,"native":false},{"column":24,"file":"C:\\Users\\Administrator\\Documents\\my works\\software development works\\assessmentproject\\src\\config\\passport.ts","function":"Strategy._verify","line":28,"method":"_verify","native":false},{"column":24,"file":"C:\\Users\\Administrator\\Documents\\my works\\software development works\\assessmentproject\\node_modules\\passport-oauth2\\lib\\strategy.js","function":null,"line":198,"method":null,"native":false},{"column":7,"file":"C:\\Users\\Administrator\\Documents\\my works\\software development works\\assessmentproject\\node_modules\\passport-google-oauth2\\lib\\oauth2.js","function":null,"line":165,"method":null,"native":false},{"column":9,"file":"C:\\Users\\Administrator\\Documents\\my works\\software development works\\assessmentproject\\node_modules\\oauth\\lib\\oauth2.js","function":"passBackControl","line":134,"method":null,"native":false},{"column":7,"file":"C:\\Users\\Administrator\\Documents\\my works\\software development works\\assessmentproject\\node_modules\\oauth\\lib\\oauth2.js","function":null,"line":157,"method":null,"native":false},{"column":35,"file":"node:events","function":"IncomingMessage.emit","line":526,"method":"emit","native":false},{"column":12,"file":"node:internal/streams/readable","function":"endReadableNT","line":1359,"method":null,"native":false},{"column":21,"file":"node:internal/process/task_queues","function":"processTicksAndRejections","line":82,"method":null,"native":false}]}
info: ::1 - - [09/Feb/2024:15:02:57 +0000] "GET /api/v1/google/auth HTTP/1.1" 302 0 "http://localhost:5173/" "Mozilla/5.0 (Windows NT 10.0; Win64; x64) AppleWebKit/537.36 (KHTML, like Gecko) Chrome/121.0.0.0 Safari/537.36"

error: uncaughtException: done is not a function
TypeError: done is not a function
    at Strategy.<anonymous> (C:\Users\Administrator\Documents\my works\software development works\assessmentproject\src\config\passport.ts:23:18)
    at Generator.next (<anonymous>)
    at C:\Users\Administrator\Documents\my works\software development works\assessmentproject\src\config\passport.ts:8:71
    at new Promise (<anonymous>)
    at __awaiter (C:\Users\Administrator\Documents\my works\software development works\assessmentproject\src\config\passport.ts:4:12)
    at Strategy._verify (C:\Users\Administrator\Documents\my works\software development works\assessmentproject\src\config\passport.ts:28:24)
    at C:\Users\Administrator\Documents\my works\software development works\assessmentproject\node_modules\passport-oauth2\lib\strategy.js:198:24
    at C:\Users\Administrator\Documents\my works\software development works\assessmentproject\node_modules\passport-google-oauth2\lib\oauth2.js:165:7
    at passBackControl (C:\Users\Administrator\Documents\my works\software development works\assessmentproject\node_modules\oauth\lib\oauth2.js:134:9)
    at IncomingMessage.<anonymous> (C:\Users\Administrator\Documents\my works\software development works\assessmentproject\node_modules\oauth\lib\oauth2.js:157:7)
    at IncomingMessage.emit (node:events:526:35)
    at endReadableNT (node:internal/streams/readable:1359:12)
    at processTicksAndRejections (node:internal/process/task_queues:82:21) {"date":"Fri Feb 09 2024 16:02:59 GMT+0100 (West Africa Standard Time)","error":{},"exception":true,"os":{"loadavg":[0,0,0],"uptime":105606.187},"process":{"argv":["C:\\Program Files\\nodejs\\node.exe","./src/index.ts"],"cwd":"C:\\Users\\Administrator\\Documents\\my works\\software development works\\assessmentproject","execPath":"C:\\Program Files\\nodejs\\node.exe","gid":null,"memoryUsage":{"arrayBuffers":18314343,"external":19302438,"heapTotal":63070208,"heapUsed":27483040,"rss":91480064},"pid":12756,"uid":null,"version":"v18.17.1"},"stack":"TypeError: done is not a function\n    at Strategy.<anonymous> (C:\\Users\\Administrator\\Documents\\my works\\software development works\\assessmentproject\\src\\config\\passport.ts:23:18)\n    at Generator.next (<anonymous>)\n    at C:\\Users\\Administrator\\Documents\\my works\\software development works\\assessmentproject\\src\\config\\passport.ts:8:71\n    at new Promise (<anonymous>)\n    at __awaiter (C:\\Users\\Administrator\\Documents\\my works\\software development works\\assessmentproject\\src\\config\\passport.ts:4:12)\n    at Strategy._verify (C:\\Users\\Administrator\\Documents\\my works\\software development works\\assessmentproject\\src\\config\\passport.ts:28:24)\n    at C:\\Users\\Administrator\\Documents\\my works\\software development works\\assessmentproject\\node_modules\\passport-oauth2\\lib\\strategy.js:198:24\n    at C:\\Users\\Administrator\\Documents\\my works\\software development works\\assessmentproject\\node_modules\\passport-google-oauth2\\lib\\oauth2.js:165:7\n    at passBackControl (C:\\Users\\Administrator\\Documents\\my works\\software development works\\assessmentproject\\node_modules\\oauth\\lib\\oauth2.js:134:9)\n    at IncomingMessage.<anonymous> (C:\\Users\\Administrator\\Documents\\my works\\software development works\\assessmentproject\\node_modules\\oauth\\lib\\oauth2.js:157:7)\n    at IncomingMessage.emit (node:events:526:35)\n    at endReadableNT (node:internal/streams/readable:1359:12)\n    at processTicksAndRejections (node:internal/process/task_queues:82:21)","trace":[{"column":18,"file":"C:\\Users\\Administrator\\Documents\\my works\\software development works\\assessmentproject\\src\\config\\passport.ts","function":null,"line":23,"method":null,"native":false},{"column":null,"file":null,"function":"Generator.next","line":null,"method":"next","native":false},{"column":71,"file":"C:\\Users\\Administrator\\Documents\\my works\\software development works\\assessmentproject\\src\\config\\passport.ts","function":null,"line":8,"method":null,"native":false},{"column":null,"file":null,"function":"new Promise","line":null,"method":null,"native":false},{"column":12,"file":"C:\\Users\\Administrator\\Documents\\my works\\software development works\\assessmentproject\\src\\config\\passport.ts","function":"__awaiter","line":4,"method":null,"native":false},{"column":24,"file":"C:\\Users\\Administrator\\Documents\\my works\\software development works\\assessmentproject\\src\\config\\passport.ts","function":"Strategy._verify","line":28,"method":"_verify","native":false},{"column":24,"file":"C:\\Users\\Administrator\\Documents\\my works\\software development works\\assessmentproject\\node_modules\\passport-oauth2\\lib\\strategy.js","function":null,"line":198,"method":null,"native":false},{"column":7,"file":"C:\\Users\\Administrator\\Documents\\my works\\software development works\\assessmentproject\\node_modules\\passport-google-oauth2\\lib\\oauth2.js","function":null,"line":165,"method":null,"native":false},{"column":9,"file":"C:\\Users\\Administrator\\Documents\\my works\\software development works\\assessmentproject\\node_modules\\oauth\\lib\\oauth2.js","function":"passBackControl","line":134,"method":null,"native":false},{"column":7,"file":"C:\\Users\\Administrator\\Documents\\my works\\software development works\\assessmentproject\\node_modules\\oauth\\lib\\oauth2.js","function":null,"line":157,"method":null,"native":false},{"column":35,"file":"node:events","function":"IncomingMessage.emit","line":526,"method":"emit","native":false},{"column":12,"file":"node:internal/streams/readable","function":"endReadableNT","line":1359,"method":null,"native":false},{"column":21,"file":"node:internal/process/task_queues","function":"processTicksAndRejections","line":82,"method":null,"native":false}]}
info: ::1 - - [09/Feb/2024:15:04:56 +0000] "GET /api/v1/google/auth HTTP/1.1" 302 0 "http://localhost:5173/" "Mozilla/5.0 (Windows NT 10.0; Win64; x64) AppleWebKit/537.36 (KHTML, like Gecko) Chrome/121.0.0.0 Safari/537.36"

info: ::1 - - [09/Feb/2024:15:04:58 +0000] "GET /api/v1/google/callback?code=4%2F0AfJohXl-C02lg9FTSIeCbxPg0D_3-eGDJUHDSjvM1jz6X4whrx_aNiuuqCROa6ZOLii6vQ&scope=email+profile+openid+https%3A%2F%2Fwww.googleapis.com%2Fauth%2Fuserinfo.profile+https%3A%2F%2Fwww.googleapis.com%2Fauth%2Fuserinfo.email&authuser=0&prompt=none HTTP/1.1" 500 57 "-" "Mozilla/5.0 (Windows NT 10.0; Win64; x64) AppleWebKit/537.36 (KHTML, like Gecko) Chrome/121.0.0.0 Safari/537.36"

info: ::1 - - [09/Feb/2024:15:05:37 +0000] "GET /api/v1/google/auth HTTP/1.1" 302 0 "http://localhost:5173/" "Mozilla/5.0 (Windows NT 10.0; Win64; x64) AppleWebKit/537.36 (KHTML, like Gecko) Chrome/121.0.0.0 Safari/537.36"

info: ::1 - - [09/Feb/2024:15:05:39 +0000] "GET /api/v1/google/callback?code=4%2F0AfJohXmdrreRDbsbVsiJDWWpI5UOp3iGX8GXGqxP-cb3zkcqzDabENq9HxY9cFYzwBXuqw&scope=email+profile+openid+https%3A%2F%2Fwww.googleapis.com%2Fauth%2Fuserinfo.profile+https%3A%2F%2Fwww.googleapis.com%2Fauth%2Fuserinfo.email&authuser=0&prompt=none HTTP/1.1" 500 57 "-" "Mozilla/5.0 (Windows NT 10.0; Win64; x64) AppleWebKit/537.36 (KHTML, like Gecko) Chrome/121.0.0.0 Safari/537.36"

info: ::1 - - [09/Feb/2024:15:08:17 +0000] "GET /api/v1/google/auth HTTP/1.1" 302 0 "http://localhost:5173/" "Mozilla/5.0 (Windows NT 10.0; Win64; x64) AppleWebKit/537.36 (KHTML, like Gecko) Chrome/121.0.0.0 Safari/537.36"

info: ::1 - - [09/Feb/2024:15:08:19 +0000] "GET /api/v1/google/callback?code=4%2F0AfJohXkvp7ca3jukkIaAPP8LOXDAT5U4-HL58A81lUyS2RIZop735n1S5KoEP8ytjdIqpQ&scope=email+profile+openid+https%3A%2F%2Fwww.googleapis.com%2Fauth%2Fuserinfo.profile+https%3A%2F%2Fwww.googleapis.com%2Fauth%2Fuserinfo.email&authuser=0&prompt=none HTTP/1.1" 500 57 "-" "Mozilla/5.0 (Windows NT 10.0; Win64; x64) AppleWebKit/537.36 (KHTML, like Gecko) Chrome/121.0.0.0 Safari/537.36"

info: ::1 - - [09/Feb/2024:15:15:27 +0000] "GET /api/v1/google/auth HTTP/1.1" 302 0 "http://localhost:5173/" "Mozilla/5.0 (Windows NT 10.0; Win64; x64) AppleWebKit/537.36 (KHTML, like Gecko) Chrome/121.0.0.0 Safari/537.36"

info: ::1 - - [09/Feb/2024:15:16:25 +0000] "GET /api/v1/google/auth HTTP/1.1" 302 0 "http://localhost:5173/" "Mozilla/5.0 (Windows NT 10.0; Win64; x64) AppleWebKit/537.36 (KHTML, like Gecko) Chrome/121.0.0.0 Safari/537.36"

info: ::1 - - [09/Feb/2024:15:16:27 +0000] "GET /api/v1/google/callback?code=4%2F0AfJohXkZyjoz62owewunxiuUYPuaGIXJ7_hhSklgJ2fAncV1QJ9dVu3BBgJwmnGMa-r5Wg&scope=email+profile+https%3A%2F%2Fwww.googleapis.com%2Fauth%2Fuserinfo.email+https%3A%2F%2Fwww.googleapis.com%2Fauth%2Fuserinfo.profile+openid&authuser=0&prompt=none HTTP/1.1" 500 90 "-" "Mozilla/5.0 (Windows NT 10.0; Win64; x64) AppleWebKit/537.36 (KHTML, like Gecko) Chrome/121.0.0.0 Safari/537.36"

info: ::1 - - [09/Feb/2024:15:17:38 +0000] "GET /api/v1/google/auth HTTP/1.1" 302 0 "http://localhost:5173/" "Mozilla/5.0 (Windows NT 10.0; Win64; x64) AppleWebKit/537.36 (KHTML, like Gecko) Chrome/121.0.0.0 Safari/537.36"

info: ::1 - - [09/Feb/2024:15:17:41 +0000] "GET /api/v1/google/callback?code=4%2F0AfJohXkX84PRtwm9s08PG4UPoihrWt1yU7NuJDFwWUtXbezPomoYIxafHsu8mFm4WN1X-w&scope=email+profile+https%3A%2F%2Fwww.googleapis.com%2Fauth%2Fuserinfo.email+https%3A%2F%2Fwww.googleapis.com%2Fauth%2Fuserinfo.profile+openid&authuser=0&prompt=none HTTP/1.1" 500 90 "-" "Mozilla/5.0 (Windows NT 10.0; Win64; x64) AppleWebKit/537.36 (KHTML, like Gecko) Chrome/121.0.0.0 Safari/537.36"

info: ::1 - - [09/Feb/2024:15:18:20 +0000] "GET /api/v1/google/auth HTTP/1.1" 302 0 "http://localhost:5173/" "Mozilla/5.0 (Windows NT 10.0; Win64; x64) AppleWebKit/537.36 (KHTML, like Gecko) Chrome/121.0.0.0 Safari/537.36"

info: ::1 - - [09/Feb/2024:15:18:21 +0000] "GET /api/v1/google/callback?code=4%2F0AfJohXnT9qqRSE3Fd_SJ8FsyMOl43tC7AsHROhF7UiCZwCupDXGI0U61781SiAbnBhgreg&scope=email+profile+https%3A%2F%2Fwww.googleapis.com%2Fauth%2Fuserinfo.email+https%3A%2F%2Fwww.googleapis.com%2Fauth%2Fuserinfo.profile+openid&authuser=0&prompt=none HTTP/1.1" 500 90 "-" "Mozilla/5.0 (Windows NT 10.0; Win64; x64) AppleWebKit/537.36 (KHTML, like Gecko) Chrome/121.0.0.0 Safari/537.36"

info: ::1 - - [09/Feb/2024:15:19:06 +0000] "GET /api/v1/google/auth HTTP/1.1" 302 0 "http://localhost:5173/" "Mozilla/5.0 (Windows NT 10.0; Win64; x64) AppleWebKit/537.36 (KHTML, like Gecko) Chrome/121.0.0.0 Safari/537.36"

info: ::1 - - [09/Feb/2024:15:19:28 +0000] "GET /api/v1/google/callback?code=4%2F0AfJohXlbaw464k-XTlZQAfSPoxzzgqGZw-tQa0l9HE34i-sNJVmgIyNzWZCdEKZ4w8Jzxw&scope=email+profile+openid+https%3A%2F%2Fwww.googleapis.com%2Fauth%2Fuserinfo.profile+https%3A%2F%2Fwww.googleapis.com%2Fauth%2Fuserinfo.email&authuser=0&prompt=consent HTTP/1.1" 500 90 "https://accounts.google.com/" "Mozilla/5.0 (Windows NT 10.0; Win64; x64) AppleWebKit/537.36 (KHTML, like Gecko) Chrome/121.0.0.0 Safari/537.36"

info: ::1 - - [09/Feb/2024:15:19:28 +0000] "GET /favicon.ico HTTP/1.1" 404 47 "-" "Mozilla/5.0 (Windows NT 10.0; Win64; x64) AppleWebKit/537.36 (KHTML, like Gecko) Chrome/121.0.0.0 Safari/537.36"

info: ::1 - - [09/Feb/2024:15:21:54 +0000] "GET /api/v1/google/callback?code=4%2F0AfJohXmcKPrabw66m07y6i2ew1s0_YoEUpvY2JzIatqu5yFZfOiuO6DAfRGKcwjVSUC09w&scope=email+profile+https%3A%2F%2Fwww.googleapis.com%2Fauth%2Fuserinfo.email+https%3A%2F%2Fwww.googleapis.com%2Fauth%2Fuserinfo.profile+openid&authuser=0&prompt=none HTTP/1.1" 500 89 "-" "Mozilla/5.0 (Windows NT 10.0; Win64; x64) AppleWebKit/537.36 (KHTML, like Gecko) Chrome/121.0.0.0 Safari/537.36"

info: ::1 - - [09/Feb/2024:15:22:01 +0000] "GET /api/v1/google/auth HTTP/1.1" 302 0 "http://localhost:5173/" "Mozilla/5.0 (Windows NT 10.0; Win64; x64) AppleWebKit/537.36 (KHTML, like Gecko) Chrome/121.0.0.0 Safari/537.36"

info: ::1 - - [09/Feb/2024:15:22:03 +0000] "GET /api/v1/google/callback?code=4%2F0AfJohXnNRkxlGadNcF7tzM3W6xXawFsBBdMyYIT9ody8vCD1y062fUHFTAIDj_8-Xjy56w&scope=email+profile+https%3A%2F%2Fwww.googleapis.com%2Fauth%2Fuserinfo.email+https%3A%2F%2Fwww.googleapis.com%2Fauth%2Fuserinfo.profile+openid&authuser=0&prompt=none HTTP/1.1" 500 89 "-" "Mozilla/5.0 (Windows NT 10.0; Win64; x64) AppleWebKit/537.36 (KHTML, like Gecko) Chrome/121.0.0.0 Safari/537.36"

info: ::1 - - [19/Mar/2024:15:22:48 +0000] "GET /api/v1/auth/signup HTTP/1.1" 404 47 "-" "PostmanRuntime/7.37.0"

info: ::1 - - [19/Mar/2024:15:25:49 +0000] "POST /api/v1/auth/signup HTTP/1.1" 404 59 "http://localhost:3000/" "Mozilla/5.0 (Linux; Android 6.0; Nexus 5 Build/MRA58N) AppleWebKit/537.36 (KHTML, like Gecko) Chrome/122.0.0.0 Mobile Safari/537.36"

info: ::1 - - [19/Mar/2024:15:26:43 +0000] "POST /api/v1/auth/signup HTTP/1.1" 404 59 "http://localhost:3000/" "Mozilla/5.0 (Linux; Android 6.0; Nexus 5 Build/MRA58N) AppleWebKit/537.36 (KHTML, like Gecko) Chrome/122.0.0.0 Mobile Safari/537.36"

info: ::1 - - [19/Mar/2024:15:26:45 +0000] "POST /api/v1/auth/signup HTTP/1.1" 404 59 "http://localhost:3000/" "Mozilla/5.0 (Linux; Android 6.0; Nexus 5 Build/MRA58N) AppleWebKit/537.36 (KHTML, like Gecko) Chrome/122.0.0.0 Mobile Safari/537.36"

info: ::1 - - [19/Mar/2024:15:35:49 +0000] "POST /api/v1/auth/signup HTTP/1.1" 201 95 "http://localhost:3000/" "Mozilla/5.0 (Linux; Android 6.0; Nexus 5 Build/MRA58N) AppleWebKit/537.36 (KHTML, like Gecko) Chrome/122.0.0.0 Mobile Safari/537.36"

info: ::1 - - [19/Mar/2024:15:36:05 +0000] "POST /api/v1/auth/signup HTTP/1.1" 409 55 "http://localhost:3000/" "Mozilla/5.0 (Linux; Android 6.0; Nexus 5 Build/MRA58N) AppleWebKit/537.36 (KHTML, like Gecko) Chrome/122.0.0.0 Mobile Safari/537.36"

info: ::1 - - [19/Mar/2024:15:38:28 +0000] "POST /api/v1/auth/signup HTTP/1.1" 409 55 "http://localhost:3000/" "Mozilla/5.0 (Linux; Android 6.0; Nexus 5 Build/MRA58N) AppleWebKit/537.36 (KHTML, like Gecko) Chrome/122.0.0.0 Mobile Safari/537.36"

info: ::1 - - [19/Mar/2024:15:38:59 +0000] "POST /api/v1/auth/signup HTTP/1.1" 409 55 "http://localhost:3000/" "Mozilla/5.0 (Linux; Android 6.0; Nexus 5 Build/MRA58N) AppleWebKit/537.36 (KHTML, like Gecko) Chrome/122.0.0.0 Mobile Safari/537.36"

info: ::1 - - [19/Mar/2024:15:39:09 +0000] "POST /api/v1/auth/signup HTTP/1.1" 409 55 "http://localhost:3000/" "Mozilla/5.0 (Linux; Android 6.0; Nexus 5 Build/MRA58N) AppleWebKit/537.36 (KHTML, like Gecko) Chrome/122.0.0.0 Mobile Safari/537.36"

info: ::1 - - [19/Mar/2024:15:39:47 +0000] "POST /api/v1/auth/signup HTTP/1.1" 201 95 "http://localhost:3000/" "Mozilla/5.0 (Linux; Android 6.0; Nexus 5 Build/MRA58N) AppleWebKit/537.36 (KHTML, like Gecko) Chrome/122.0.0.0 Mobile Safari/537.36"

info: ::1 - - [19/Mar/2024:19:23:47 +0000] "POST /api/v1/auth/signup HTTP/1.1" 500 96 "-" "PostmanRuntime/7.37.0"

info: ::1 - - [19/Mar/2024:19:26:51 +0000] "POST /api/v1/auth/signup HTTP/1.1" 500 96 "-" "PostmanRuntime/7.37.0"

info: ::1 - - [19/Mar/2024:19:27:06 +0000] "POST /api/v1/auth/signup HTTP/1.1" 500 96 "-" "PostmanRuntime/7.37.0"

info: ::1 - - [19/Mar/2024:19:27:28 +0000] "POST /api/v1/auth/signup HTTP/1.1" 500 96 "-" "PostmanRuntime/7.37.0"

info: ::1 - - [19/Mar/2024:19:28:08 +0000] "POST /api/v1/auth/signup HTTP/1.1" 409 55 "-" "PostmanRuntime/7.37.0"

info: ::1 - - [19/Mar/2024:19:28:33 +0000] "POST /api/v1/auth/signup HTTP/1.1" 409 55 "-" "PostmanRuntime/7.37.0"

info: ::1 - - [19/Mar/2024:19:31:38 +0000] "POST /api/v1/auth/signup HTTP/1.1" 409 55 "-" "PostmanRuntime/7.37.0"

info: ::1 - - [19/Mar/2024:19:31:45 +0000] "POST /api/v1/auth/signup HTTP/1.1" 201 95 "-" "PostmanRuntime/7.37.0"

info: ::1 - - [19/Mar/2024:19:32:11 +0000] "POST /api/v1/auth/signup HTTP/1.1" 201 95 "http://localhost:3000/" "Mozilla/5.0 (Windows NT 10.0; Win64; x64) AppleWebKit/537.36 (KHTML, like Gecko) Chrome/122.0.0.0 Safari/537.36"

info: ::1 - - [19/Mar/2024:20:16:57 +0000] "POST /api/v1/auth/signup HTTP/1.1" 404 58 "http://localhost:3000/" "Mozilla/5.0 (Linux; Android 6.0; Nexus 5 Build/MRA58N) AppleWebKit/537.36 (KHTML, like Gecko) Chrome/122.0.0.0 Mobile Safari/537.36"

info: ::1 - - [19/Mar/2024:20:20:00 +0000] "POST /api/v1/auth/signup HTTP/1.1" 404 61 "http://localhost:3000/" "Mozilla/5.0 (Linux; Android 6.0; Nexus 5 Build/MRA58N) AppleWebKit/537.36 (KHTML, like Gecko) Chrome/122.0.0.0 Mobile Safari/537.36"

info: ::1 - - [19/Mar/2024:20:22:40 +0000] "POST /api/v1/auth/signup HTTP/1.1" 409 55 "http://localhost:3000/" "Mozilla/5.0 (Linux; Android 6.0; Nexus 5 Build/MRA58N) AppleWebKit/537.36 (KHTML, like Gecko) Chrome/122.0.0.0 Mobile Safari/537.36"

info: ::1 - - [19/Mar/2024:20:22:51 +0000] "POST /api/v1/auth/signup HTTP/1.1" 404 66 "http://localhost:3000/" "Mozilla/5.0 (Linux; Android 6.0; Nexus 5 Build/MRA58N) AppleWebKit/537.36 (KHTML, like Gecko) Chrome/122.0.0.0 Mobile Safari/537.36"

info: ::1 - - [19/Mar/2024:20:23:03 +0000] "POST /api/v1/auth/signup HTTP/1.1" 500 118 "http://localhost:3000/" "Mozilla/5.0 (Linux; Android 6.0; Nexus 5 Build/MRA58N) AppleWebKit/537.36 (KHTML, like Gecko) Chrome/122.0.0.0 Mobile Safari/537.36"

info: ::1 - - [19/Mar/2024:20:30:11 +0000] "POST /api/v1/auth/signup HTTP/1.1" 201 95 "http://localhost:3000/" "Mozilla/5.0 (Linux; Android 6.0; Nexus 5 Build/MRA58N) AppleWebKit/537.36 (KHTML, like Gecko) Chrome/122.0.0.0 Mobile Safari/537.36"

info: ::1 - - [19/Mar/2024:20:31:17 +0000] "POST /api/v1/auth/signup HTTP/1.1" 409 55 "http://localhost:3000/" "Mozilla/5.0 (Linux; Android 6.0; Nexus 5 Build/MRA58N) AppleWebKit/537.36 (KHTML, like Gecko) Chrome/122.0.0.0 Mobile Safari/537.36"

info: ::1 - - [19/Mar/2024:20:33:08 +0000] "POST /api/v1/auth/signin HTTP/1.1" 404 47 "http://localhost:3000/" "Mozilla/5.0 (Linux; Android 6.0; Nexus 5 Build/MRA58N) AppleWebKit/537.36 (KHTML, like Gecko) Chrome/122.0.0.0 Mobile Safari/537.36"

info: ::1 - - [19/Mar/2024:20:33:09 +0000] "POST /api/v1/auth/signin HTTP/1.1" 404 47 "http://localhost:3000/" "Mozilla/5.0 (Linux; Android 6.0; Nexus 5 Build/MRA58N) AppleWebKit/537.36 (KHTML, like Gecko) Chrome/122.0.0.0 Mobile Safari/537.36"

info: ::1 - - [19/Mar/2024:20:33:09 +0000] "POST /api/v1/auth/signin HTTP/1.1" 404 47 "http://localhost:3000/" "Mozilla/5.0 (Linux; Android 6.0; Nexus 5 Build/MRA58N) AppleWebKit/537.36 (KHTML, like Gecko) Chrome/122.0.0.0 Mobile Safari/537.36"

info: ::1 - - [19/Mar/2024:20:33:09 +0000] "POST /api/v1/auth/signin HTTP/1.1" 404 47 "http://localhost:3000/" "Mozilla/5.0 (Linux; Android 6.0; Nexus 5 Build/MRA58N) AppleWebKit/537.36 (KHTML, like Gecko) Chrome/122.0.0.0 Mobile Safari/537.36"

info: ::1 - - [19/Mar/2024:20:33:09 +0000] "POST /api/v1/auth/signin HTTP/1.1" 404 47 "http://localhost:3000/" "Mozilla/5.0 (Linux; Android 6.0; Nexus 5 Build/MRA58N) AppleWebKit/537.36 (KHTML, like Gecko) Chrome/122.0.0.0 Mobile Safari/537.36"

info: ::1 - - [19/Mar/2024:20:53:52 +0000] "POST /api/v1/auth/signin HTTP/1.1" 404 47 "http://localhost:3000/" "Mozilla/5.0 (Linux; Android 6.0; Nexus 5 Build/MRA58N) AppleWebKit/537.36 (KHTML, like Gecko) Chrome/122.0.0.0 Mobile Safari/537.36"

info: ::1 - - [19/Mar/2024:20:55:13 +0000] "POST /api/v1/auth/login HTTP/1.1" 500 71 "http://localhost:3000/" "Mozilla/5.0 (Linux; Android 6.0; Nexus 5 Build/MRA58N) AppleWebKit/537.36 (KHTML, like Gecko) Chrome/122.0.0.0 Mobile Safari/537.36"

info: ::1 - - [19/Mar/2024:20:56:40 +0000] "POST /api/v1/auth/login HTTP/1.1" 200 282 "http://localhost:3000/" "Mozilla/5.0 (Linux; Android 6.0; Nexus 5 Build/MRA58N) AppleWebKit/537.36 (KHTML, like Gecko) Chrome/122.0.0.0 Mobile Safari/537.36"

info: ::1 - - [19/Mar/2024:20:58:17 +0000] "POST /api/v1/auth/login HTTP/1.1" 200 282 "http://localhost:3000/" "Mozilla/5.0 (Linux; Android 6.0; Nexus 5 Build/MRA58N) AppleWebKit/537.36 (KHTML, like Gecko) Chrome/122.0.0.0 Mobile Safari/537.36"

info: ::1 - - [19/Mar/2024:20:58:26 +0000] "POST /api/v1/auth/login HTTP/1.1" 200 282 "http://localhost:3000/" "Mozilla/5.0 (Linux; Android 6.0; Nexus 5 Build/MRA58N) AppleWebKit/537.36 (KHTML, like Gecko) Chrome/122.0.0.0 Mobile Safari/537.36"

info: ::1 - - [19/Mar/2024:20:59:48 +0000] "POST /api/v1/auth/login HTTP/1.1" 200 282 "http://localhost:3000/" "Mozilla/5.0 (Linux; Android 6.0; Nexus 5 Build/MRA58N) AppleWebKit/537.36 (KHTML, like Gecko) Chrome/122.0.0.0 Mobile Safari/537.36"

